2021-04-25 11:34:07.759 |-INFO  [main] com.example.car.CarApplication [55] -| Starting CarApplication using Java 1.8.0_152 on LAPTOP-V1U1VFUQ with PID 21096 (E:\Java\project\target\classes started by yh in E:\Java\project)
2021-04-25 11:34:07.762 |-INFO  [main] com.example.car.CarApplication [675] -| No active profile set, falling back to default profiles: default
2021-04-25 11:34:08.454 |-INFO  [main] org.springframework.boot.web.embedded.tomcat.TomcatWebServer [108] -| Tomcat initialized with port(s): 8085 (http)
2021-04-25 11:34:08.460 |-INFO  [main] org.apache.coyote.http11.Http11NioProtocol [173] -| Initializing ProtocolHandler ["http-nio-8085"]
2021-04-25 11:34:08.461 |-INFO  [main] org.apache.catalina.core.StandardService [173] -| Starting service [Tomcat]
2021-04-25 11:34:08.469 |-INFO  [main] org.apache.catalina.core.StandardEngine [173] -| Starting Servlet engine: [Apache Tomcat/9.0.45]
2021-04-25 11:34:08.533 |-INFO  [main] org.apache.catalina.core.ContainerBase.[Tomcat].[localhost].[/] [173] -| Initializing Spring embedded WebApplicationContext
2021-04-25 11:34:08.534 |-INFO  [main] org.springframework.boot.web.servlet.context.ServletWebServerApplicationContext [289] -| Root WebApplicationContext: initialization completed in 747 ms
2021-04-25 11:34:08.636 |-WARN  [main] org.springframework.boot.web.servlet.context.AnnotationConfigServletWebServerApplicationContext [591] -| Exception encountered during context initialization - cancelling refresh attempt: org.springframework.beans.factory.UnsatisfiedDependencyException: Error creating bean with name 'loginController': Unsatisfied dependency expressed through field 'loginService'; nested exception is org.springframework.beans.factory.UnsatisfiedDependencyException: Error creating bean with name 'loginService': Unsatisfied dependency expressed through field 'jdbcTemplate'; nested exception is org.springframework.beans.factory.UnsatisfiedDependencyException: Error creating bean with name 'jdbcTemplate' defined in class path resource [org/springframework/boot/autoconfigure/jdbc/JdbcTemplateConfiguration.class]: Unsatisfied dependency expressed through method 'jdbcTemplate' parameter 0; nested exception is org.springframework.boot.context.properties.ConfigurationPropertiesBindException: Error creating bean with name 'druidDataSource': Could not bind properties to 'DataSource' : prefix=spring.datasource, ignoreInvalidFields=false, ignoreUnknownFields=true; nested exception is org.springframework.boot.context.properties.bind.BindException: Failed to bind properties under 'spring.datasource' to javax.sql.DataSource
2021-04-25 11:34:08.638 |-INFO  [main] org.apache.catalina.core.StandardService [173] -| Stopping service [Tomcat]
2021-04-25 11:34:08.654 |-INFO  [main] org.springframework.boot.autoconfigure.logging.ConditionEvaluationReportLoggingListener [136] -| 

Error starting ApplicationContext. To display the conditions report re-run your application with 'debug' enabled.
2021-04-25 11:34:08.665 |-ERROR [main] org.springframework.boot.diagnostics.LoggingFailureAnalysisReporter [40] -| 

***************************
APPLICATION FAILED TO START
***************************

Description:

Failed to bind properties under 'spring.datasource' to javax.sql.DataSource:

    Property: spring.datasource.filters
    Value: stat,wall,log4j
    Origin: class path resource [application.yml] - 25:14
    Reason: org.apache.log4j.Logger

Action:

Update your application's configuration

2021-04-25 11:34:20.883 |-INFO  [main] com.example.car.CarApplication [55] -| Starting CarApplication using Java 1.8.0_152 on LAPTOP-V1U1VFUQ with PID 16840 (E:\Java\project\target\classes started by yh in E:\Java\project)
2021-04-25 11:34:20.885 |-INFO  [main] com.example.car.CarApplication [675] -| No active profile set, falling back to default profiles: default
2021-04-25 11:34:21.682 |-INFO  [main] org.springframework.boot.web.embedded.tomcat.TomcatWebServer [108] -| Tomcat initialized with port(s): 8085 (http)
2021-04-25 11:34:21.695 |-INFO  [main] org.apache.coyote.http11.Http11NioProtocol [173] -| Initializing ProtocolHandler ["http-nio-8085"]
2021-04-25 11:34:21.696 |-INFO  [main] org.apache.catalina.core.StandardService [173] -| Starting service [Tomcat]
2021-04-25 11:34:21.696 |-INFO  [main] org.apache.catalina.core.StandardEngine [173] -| Starting Servlet engine: [Apache Tomcat/9.0.45]
2021-04-25 11:34:21.749 |-INFO  [main] org.apache.catalina.core.ContainerBase.[Tomcat].[localhost].[/] [173] -| Initializing Spring embedded WebApplicationContext
2021-04-25 11:34:21.750 |-INFO  [main] org.springframework.boot.web.servlet.context.ServletWebServerApplicationContext [289] -| Root WebApplicationContext: initialization completed in 836 ms
2021-04-25 11:34:21.851 |-WARN  [main] org.springframework.boot.web.servlet.context.AnnotationConfigServletWebServerApplicationContext [591] -| Exception encountered during context initialization - cancelling refresh attempt: org.springframework.beans.factory.UnsatisfiedDependencyException: Error creating bean with name 'loginController': Unsatisfied dependency expressed through field 'loginService'; nested exception is org.springframework.beans.factory.UnsatisfiedDependencyException: Error creating bean with name 'loginService': Unsatisfied dependency expressed through field 'jdbcTemplate'; nested exception is org.springframework.beans.factory.UnsatisfiedDependencyException: Error creating bean with name 'jdbcTemplate' defined in class path resource [org/springframework/boot/autoconfigure/jdbc/JdbcTemplateConfiguration.class]: Unsatisfied dependency expressed through method 'jdbcTemplate' parameter 0; nested exception is org.springframework.boot.context.properties.ConfigurationPropertiesBindException: Error creating bean with name 'druidDataSource': Could not bind properties to 'DataSource' : prefix=spring.datasource, ignoreInvalidFields=false, ignoreUnknownFields=true; nested exception is org.springframework.boot.context.properties.bind.BindException: Failed to bind properties under 'spring.datasource' to javax.sql.DataSource
2021-04-25 11:34:21.853 |-INFO  [main] org.apache.catalina.core.StandardService [173] -| Stopping service [Tomcat]
2021-04-25 11:34:21.866 |-INFO  [main] org.springframework.boot.autoconfigure.logging.ConditionEvaluationReportLoggingListener [136] -| 

Error starting ApplicationContext. To display the conditions report re-run your application with 'debug' enabled.
2021-04-25 11:34:21.876 |-ERROR [main] org.springframework.boot.diagnostics.LoggingFailureAnalysisReporter [40] -| 

***************************
APPLICATION FAILED TO START
***************************

Description:

Failed to bind properties under 'spring.datasource' to javax.sql.DataSource:

    Property: spring.datasource.filters
    Value: stat,wall,log4j
    Origin: class path resource [application.yml] - 25:14
    Reason: org.apache.log4j.Logger

Action:

Update your application's configuration

2021-04-25 12:40:09.534 |-INFO  [main] com.example.car.CarApplication [55] -| Starting CarApplication using Java 1.8.0_152 on LAPTOP-V1U1VFUQ with PID 22656 (E:\Java\project\target\classes started by yh in E:\Java\project)
2021-04-25 12:40:09.537 |-INFO  [main] com.example.car.CarApplication [675] -| No active profile set, falling back to default profiles: default
2021-04-25 12:40:10.236 |-INFO  [main] org.springframework.boot.web.embedded.tomcat.TomcatWebServer [108] -| Tomcat initialized with port(s): 8085 (http)
2021-04-25 12:40:10.241 |-INFO  [main] org.apache.coyote.http11.Http11NioProtocol [173] -| Initializing ProtocolHandler ["http-nio-8085"]
2021-04-25 12:40:10.242 |-INFO  [main] org.apache.catalina.core.StandardService [173] -| Starting service [Tomcat]
2021-04-25 12:40:10.242 |-INFO  [main] org.apache.catalina.core.StandardEngine [173] -| Starting Servlet engine: [Apache Tomcat/9.0.45]
2021-04-25 12:40:10.298 |-INFO  [main] org.apache.catalina.core.ContainerBase.[Tomcat].[localhost].[/] [173] -| Initializing Spring embedded WebApplicationContext
2021-04-25 12:40:10.298 |-INFO  [main] org.springframework.boot.web.servlet.context.ServletWebServerApplicationContext [289] -| Root WebApplicationContext: initialization completed in 736 ms
2021-04-25 12:40:10.598 |-INFO  [main] springfox.documentation.spring.web.PropertySourcedRequestMappingHandlerMapping [69] -| Mapped URL path [/v2/api-docs] onto method [springfox.documentation.swagger2.web.Swagger2Controller#getDocumentation(String, HttpServletRequest)]
2021-04-25 12:40:10.645 |-INFO  [main] org.springframework.scheduling.concurrent.ThreadPoolTaskExecutor [181] -| Initializing ExecutorService 'applicationTaskExecutor'
2021-04-25 12:40:10.753 |-INFO  [main] org.apache.coyote.http11.Http11NioProtocol [173] -| Starting ProtocolHandler ["http-nio-8085"]
2021-04-25 12:40:10.765 |-INFO  [main] org.springframework.boot.web.embedded.tomcat.TomcatWebServer [220] -| Tomcat started on port(s): 8085 (http) with context path ''
2021-04-25 12:40:10.766 |-INFO  [main] springfox.documentation.spring.web.plugins.DocumentationPluginsBootstrapper [160] -| Context refreshed
2021-04-25 12:40:10.775 |-INFO  [main] springfox.documentation.spring.web.plugins.DocumentationPluginsBootstrapper [163] -| Found 1 custom documentation plugin(s)
2021-04-25 12:40:10.793 |-INFO  [main] springfox.documentation.spring.web.scanners.ApiListingReferenceScanner [41] -| Scanning for api listing references
2021-04-25 12:40:10.874 |-INFO  [main] com.example.car.CarApplication [61] -| Started CarApplication in 1.573 seconds (JVM running for 2.281)
2021-04-25 12:40:16.692 |-INFO  [http-nio-8085-exec-5] org.apache.catalina.core.ContainerBase.[Tomcat].[localhost].[/] [173] -| Initializing Spring DispatcherServlet 'dispatcherServlet'
2021-04-25 12:40:16.692 |-INFO  [http-nio-8085-exec-5] org.springframework.web.servlet.DispatcherServlet [525] -| Initializing Servlet 'dispatcherServlet'
2021-04-25 12:40:16.693 |-INFO  [http-nio-8085-exec-5] org.springframework.web.servlet.DispatcherServlet [547] -| Completed initialization in 1 ms
2021-04-25 12:40:18.235 |-INFO  [http-nio-8085-exec-5] com.alibaba.druid.pool.DruidDataSource [1010] -| {dataSource-1} inited
2021-04-25 12:41:16.475 |-INFO  [main] com.example.car.CarApplication [55] -| Starting CarApplication using Java 1.8.0_152 on LAPTOP-V1U1VFUQ with PID 14904 (E:\Java\project\target\classes started by yh in E:\Java\project)
2021-04-25 12:41:16.478 |-INFO  [main] com.example.car.CarApplication [675] -| No active profile set, falling back to default profiles: default
2021-04-25 12:41:17.174 |-INFO  [main] org.springframework.boot.web.embedded.tomcat.TomcatWebServer [108] -| Tomcat initialized with port(s): 8085 (http)
2021-04-25 12:41:17.180 |-INFO  [main] org.apache.coyote.http11.Http11NioProtocol [173] -| Initializing ProtocolHandler ["http-nio-8085"]
2021-04-25 12:41:17.180 |-INFO  [main] org.apache.catalina.core.StandardService [173] -| Starting service [Tomcat]
2021-04-25 12:41:17.180 |-INFO  [main] org.apache.catalina.core.StandardEngine [173] -| Starting Servlet engine: [Apache Tomcat/9.0.45]
2021-04-25 12:41:17.238 |-INFO  [main] org.apache.catalina.core.ContainerBase.[Tomcat].[localhost].[/] [173] -| Initializing Spring embedded WebApplicationContext
2021-04-25 12:41:17.238 |-INFO  [main] org.springframework.boot.web.servlet.context.ServletWebServerApplicationContext [289] -| Root WebApplicationContext: initialization completed in 732 ms
2021-04-25 12:41:17.544 |-INFO  [main] springfox.documentation.spring.web.PropertySourcedRequestMappingHandlerMapping [69] -| Mapped URL path [/v2/api-docs] onto method [springfox.documentation.swagger2.web.Swagger2Controller#getDocumentation(String, HttpServletRequest)]
2021-04-25 12:41:17.590 |-INFO  [main] org.springframework.scheduling.concurrent.ThreadPoolTaskExecutor [181] -| Initializing ExecutorService 'applicationTaskExecutor'
2021-04-25 12:41:17.699 |-INFO  [main] org.apache.coyote.http11.Http11NioProtocol [173] -| Starting ProtocolHandler ["http-nio-8085"]
2021-04-25 12:41:17.711 |-INFO  [main] org.springframework.boot.web.embedded.tomcat.TomcatWebServer [220] -| Tomcat started on port(s): 8085 (http) with context path ''
2021-04-25 12:41:17.712 |-INFO  [main] springfox.documentation.spring.web.plugins.DocumentationPluginsBootstrapper [160] -| Context refreshed
2021-04-25 12:41:17.722 |-INFO  [main] springfox.documentation.spring.web.plugins.DocumentationPluginsBootstrapper [163] -| Found 1 custom documentation plugin(s)
2021-04-25 12:41:17.740 |-INFO  [main] springfox.documentation.spring.web.scanners.ApiListingReferenceScanner [41] -| Scanning for api listing references
2021-04-25 12:41:17.835 |-INFO  [main] com.example.car.CarApplication [61] -| Started CarApplication in 1.603 seconds (JVM running for 2.316)
2021-04-25 12:41:27.342 |-INFO  [http-nio-8085-exec-1] org.apache.catalina.core.ContainerBase.[Tomcat].[localhost].[/] [173] -| Initializing Spring DispatcherServlet 'dispatcherServlet'
2021-04-25 12:41:27.342 |-INFO  [http-nio-8085-exec-1] org.springframework.web.servlet.DispatcherServlet [525] -| Initializing Servlet 'dispatcherServlet'
2021-04-25 12:41:27.343 |-INFO  [http-nio-8085-exec-1] org.springframework.web.servlet.DispatcherServlet [547] -| Completed initialization in 1 ms
2021-04-25 12:41:28.929 |-INFO  [http-nio-8085-exec-1] com.alibaba.druid.pool.DruidDataSource [1010] -| {dataSource-1} inited
2021-04-25 12:41:50.435 |-INFO  [main] com.example.car.CarApplication [55] -| Starting CarApplication using Java 1.8.0_152 on LAPTOP-V1U1VFUQ with PID 23156 (E:\Java\project\target\classes started by yh in E:\Java\project)
2021-04-25 12:41:50.437 |-INFO  [main] com.example.car.CarApplication [675] -| No active profile set, falling back to default profiles: default
2021-04-25 12:41:51.121 |-INFO  [main] org.springframework.boot.web.embedded.tomcat.TomcatWebServer [108] -| Tomcat initialized with port(s): 8085 (http)
2021-04-25 12:41:51.127 |-INFO  [main] org.apache.coyote.http11.Http11NioProtocol [173] -| Initializing ProtocolHandler ["http-nio-8085"]
2021-04-25 12:41:51.127 |-INFO  [main] org.apache.catalina.core.StandardService [173] -| Starting service [Tomcat]
2021-04-25 12:41:51.127 |-INFO  [main] org.apache.catalina.core.StandardEngine [173] -| Starting Servlet engine: [Apache Tomcat/9.0.45]
2021-04-25 12:41:51.182 |-INFO  [main] org.apache.catalina.core.ContainerBase.[Tomcat].[localhost].[/] [173] -| Initializing Spring embedded WebApplicationContext
2021-04-25 12:41:51.183 |-INFO  [main] org.springframework.boot.web.servlet.context.ServletWebServerApplicationContext [289] -| Root WebApplicationContext: initialization completed in 716 ms
2021-04-25 12:41:51.476 |-INFO  [main] springfox.documentation.spring.web.PropertySourcedRequestMappingHandlerMapping [69] -| Mapped URL path [/v2/api-docs] onto method [springfox.documentation.swagger2.web.Swagger2Controller#getDocumentation(String, HttpServletRequest)]
2021-04-25 12:41:51.524 |-INFO  [main] org.springframework.scheduling.concurrent.ThreadPoolTaskExecutor [181] -| Initializing ExecutorService 'applicationTaskExecutor'
2021-04-25 12:41:51.636 |-INFO  [main] org.apache.coyote.http11.Http11NioProtocol [173] -| Starting ProtocolHandler ["http-nio-8085"]
2021-04-25 12:41:51.648 |-INFO  [main] org.springframework.boot.web.embedded.tomcat.TomcatWebServer [220] -| Tomcat started on port(s): 8085 (http) with context path ''
2021-04-25 12:41:51.649 |-INFO  [main] springfox.documentation.spring.web.plugins.DocumentationPluginsBootstrapper [160] -| Context refreshed
2021-04-25 12:41:51.659 |-INFO  [main] springfox.documentation.spring.web.plugins.DocumentationPluginsBootstrapper [163] -| Found 1 custom documentation plugin(s)
2021-04-25 12:41:51.676 |-INFO  [main] springfox.documentation.spring.web.scanners.ApiListingReferenceScanner [41] -| Scanning for api listing references
2021-04-25 12:41:51.758 |-INFO  [main] com.example.car.CarApplication [61] -| Started CarApplication in 1.561 seconds (JVM running for 2.256)
2021-04-25 12:41:55.592 |-INFO  [http-nio-8085-exec-1] org.apache.catalina.core.ContainerBase.[Tomcat].[localhost].[/] [173] -| Initializing Spring DispatcherServlet 'dispatcherServlet'
2021-04-25 12:41:55.592 |-INFO  [http-nio-8085-exec-1] org.springframework.web.servlet.DispatcherServlet [525] -| Initializing Servlet 'dispatcherServlet'
2021-04-25 12:41:55.593 |-INFO  [http-nio-8085-exec-1] org.springframework.web.servlet.DispatcherServlet [547] -| Completed initialization in 1 ms
2021-04-25 12:41:57.262 |-INFO  [http-nio-8085-exec-1] com.alibaba.druid.pool.DruidDataSource [1010] -| {dataSource-1} inited
2021-04-25 12:42:33.207 |-INFO  [main] com.example.car.CarApplication [55] -| Starting CarApplication using Java 1.8.0_152 on LAPTOP-V1U1VFUQ with PID 17028 (E:\Java\project\target\classes started by yh in E:\Java\project)
2021-04-25 12:42:33.209 |-INFO  [main] com.example.car.CarApplication [675] -| No active profile set, falling back to default profiles: default
2021-04-25 12:42:33.900 |-INFO  [main] org.springframework.boot.web.embedded.tomcat.TomcatWebServer [108] -| Tomcat initialized with port(s): 8085 (http)
2021-04-25 12:42:33.905 |-INFO  [main] org.apache.coyote.http11.Http11NioProtocol [173] -| Initializing ProtocolHandler ["http-nio-8085"]
2021-04-25 12:42:33.906 |-INFO  [main] org.apache.catalina.core.StandardService [173] -| Starting service [Tomcat]
2021-04-25 12:42:33.906 |-INFO  [main] org.apache.catalina.core.StandardEngine [173] -| Starting Servlet engine: [Apache Tomcat/9.0.45]
2021-04-25 12:42:33.962 |-INFO  [main] org.apache.catalina.core.ContainerBase.[Tomcat].[localhost].[/] [173] -| Initializing Spring embedded WebApplicationContext
2021-04-25 12:42:33.962 |-INFO  [main] org.springframework.boot.web.servlet.context.ServletWebServerApplicationContext [289] -| Root WebApplicationContext: initialization completed in 726 ms
2021-04-25 12:42:34.261 |-INFO  [main] springfox.documentation.spring.web.PropertySourcedRequestMappingHandlerMapping [69] -| Mapped URL path [/v2/api-docs] onto method [springfox.documentation.swagger2.web.Swagger2Controller#getDocumentation(String, HttpServletRequest)]
2021-04-25 12:42:34.308 |-INFO  [main] org.springframework.scheduling.concurrent.ThreadPoolTaskExecutor [181] -| Initializing ExecutorService 'applicationTaskExecutor'
2021-04-25 12:42:34.421 |-INFO  [main] org.apache.coyote.http11.Http11NioProtocol [173] -| Starting ProtocolHandler ["http-nio-8085"]
2021-04-25 12:42:34.433 |-INFO  [main] org.springframework.boot.web.embedded.tomcat.TomcatWebServer [220] -| Tomcat started on port(s): 8085 (http) with context path ''
2021-04-25 12:42:34.433 |-INFO  [main] springfox.documentation.spring.web.plugins.DocumentationPluginsBootstrapper [160] -| Context refreshed
2021-04-25 12:42:34.443 |-INFO  [main] springfox.documentation.spring.web.plugins.DocumentationPluginsBootstrapper [163] -| Found 1 custom documentation plugin(s)
2021-04-25 12:42:34.460 |-INFO  [main] springfox.documentation.spring.web.scanners.ApiListingReferenceScanner [41] -| Scanning for api listing references
2021-04-25 12:42:34.540 |-INFO  [main] com.example.car.CarApplication [61] -| Started CarApplication in 1.573 seconds (JVM running for 2.303)
2021-04-25 12:42:59.250 |-INFO  [main] com.example.car.CarApplication [55] -| Starting CarApplication using Java 1.8.0_152 on LAPTOP-V1U1VFUQ with PID 23512 (E:\Java\project\target\classes started by yh in E:\Java\project)
2021-04-25 12:42:59.252 |-INFO  [main] com.example.car.CarApplication [675] -| No active profile set, falling back to default profiles: default
2021-04-25 12:42:59.937 |-INFO  [main] org.springframework.boot.web.embedded.tomcat.TomcatWebServer [108] -| Tomcat initialized with port(s): 8085 (http)
2021-04-25 12:42:59.942 |-INFO  [main] org.apache.coyote.http11.Http11NioProtocol [173] -| Initializing ProtocolHandler ["http-nio-8085"]
2021-04-25 12:42:59.943 |-INFO  [main] org.apache.catalina.core.StandardService [173] -| Starting service [Tomcat]
2021-04-25 12:42:59.943 |-INFO  [main] org.apache.catalina.core.StandardEngine [173] -| Starting Servlet engine: [Apache Tomcat/9.0.45]
2021-04-25 12:42:59.998 |-INFO  [main] org.apache.catalina.core.ContainerBase.[Tomcat].[localhost].[/] [173] -| Initializing Spring embedded WebApplicationContext
2021-04-25 12:42:59.998 |-INFO  [main] org.springframework.boot.web.servlet.context.ServletWebServerApplicationContext [289] -| Root WebApplicationContext: initialization completed in 720 ms
2021-04-25 12:43:00.296 |-INFO  [main] springfox.documentation.spring.web.PropertySourcedRequestMappingHandlerMapping [69] -| Mapped URL path [/v2/api-docs] onto method [springfox.documentation.swagger2.web.Swagger2Controller#getDocumentation(String, HttpServletRequest)]
2021-04-25 12:43:00.342 |-INFO  [main] org.springframework.scheduling.concurrent.ThreadPoolTaskExecutor [181] -| Initializing ExecutorService 'applicationTaskExecutor'
2021-04-25 12:43:00.454 |-INFO  [main] org.apache.coyote.http11.Http11NioProtocol [173] -| Starting ProtocolHandler ["http-nio-8085"]
2021-04-25 12:43:00.466 |-INFO  [main] org.springframework.boot.web.embedded.tomcat.TomcatWebServer [220] -| Tomcat started on port(s): 8085 (http) with context path ''
2021-04-25 12:43:00.467 |-INFO  [main] springfox.documentation.spring.web.plugins.DocumentationPluginsBootstrapper [160] -| Context refreshed
2021-04-25 12:43:00.476 |-INFO  [main] springfox.documentation.spring.web.plugins.DocumentationPluginsBootstrapper [163] -| Found 1 custom documentation plugin(s)
2021-04-25 12:43:00.494 |-INFO  [main] springfox.documentation.spring.web.scanners.ApiListingReferenceScanner [41] -| Scanning for api listing references
2021-04-25 12:43:00.573 |-INFO  [main] com.example.car.CarApplication [61] -| Started CarApplication in 1.552 seconds (JVM running for 2.246)
2021-04-25 12:43:04.053 |-INFO  [http-nio-8085-exec-4] org.apache.catalina.core.ContainerBase.[Tomcat].[localhost].[/] [173] -| Initializing Spring DispatcherServlet 'dispatcherServlet'
2021-04-25 12:43:04.054 |-INFO  [http-nio-8085-exec-4] org.springframework.web.servlet.DispatcherServlet [525] -| Initializing Servlet 'dispatcherServlet'
2021-04-25 12:43:04.055 |-INFO  [http-nio-8085-exec-4] org.springframework.web.servlet.DispatcherServlet [547] -| Completed initialization in 1 ms
2021-04-25 12:43:05.656 |-INFO  [http-nio-8085-exec-4] com.alibaba.druid.pool.DruidDataSource [1010] -| {dataSource-1} inited
2021-04-25 12:43:41.135 |-INFO  [main] com.example.car.CarApplication [55] -| Starting CarApplication using Java 1.8.0_152 on LAPTOP-V1U1VFUQ with PID 21168 (E:\Java\project\target\classes started by yh in E:\Java\project)
2021-04-25 12:43:41.137 |-INFO  [main] com.example.car.CarApplication [675] -| No active profile set, falling back to default profiles: default
2021-04-25 12:43:41.833 |-INFO  [main] org.springframework.boot.web.embedded.tomcat.TomcatWebServer [108] -| Tomcat initialized with port(s): 8085 (http)
2021-04-25 12:43:41.838 |-INFO  [main] org.apache.coyote.http11.Http11NioProtocol [173] -| Initializing ProtocolHandler ["http-nio-8085"]
2021-04-25 12:43:41.838 |-INFO  [main] org.apache.catalina.core.StandardService [173] -| Starting service [Tomcat]
2021-04-25 12:43:41.838 |-INFO  [main] org.apache.catalina.core.StandardEngine [173] -| Starting Servlet engine: [Apache Tomcat/9.0.45]
2021-04-25 12:43:41.893 |-INFO  [main] org.apache.catalina.core.ContainerBase.[Tomcat].[localhost].[/] [173] -| Initializing Spring embedded WebApplicationContext
2021-04-25 12:43:41.893 |-INFO  [main] org.springframework.boot.web.servlet.context.ServletWebServerApplicationContext [289] -| Root WebApplicationContext: initialization completed in 730 ms
2021-04-25 12:43:42.179 |-INFO  [main] springfox.documentation.spring.web.PropertySourcedRequestMappingHandlerMapping [69] -| Mapped URL path [/v2/api-docs] onto method [springfox.documentation.swagger2.web.Swagger2Controller#getDocumentation(String, HttpServletRequest)]
2021-04-25 12:43:42.227 |-INFO  [main] org.springframework.scheduling.concurrent.ThreadPoolTaskExecutor [181] -| Initializing ExecutorService 'applicationTaskExecutor'
2021-04-25 12:43:42.335 |-INFO  [main] org.apache.coyote.http11.Http11NioProtocol [173] -| Starting ProtocolHandler ["http-nio-8085"]
2021-04-25 12:43:42.347 |-INFO  [main] org.springframework.boot.web.embedded.tomcat.TomcatWebServer [220] -| Tomcat started on port(s): 8085 (http) with context path ''
2021-04-25 12:43:42.348 |-INFO  [main] springfox.documentation.spring.web.plugins.DocumentationPluginsBootstrapper [160] -| Context refreshed
2021-04-25 12:43:42.358 |-INFO  [main] springfox.documentation.spring.web.plugins.DocumentationPluginsBootstrapper [163] -| Found 1 custom documentation plugin(s)
2021-04-25 12:43:42.375 |-INFO  [main] springfox.documentation.spring.web.scanners.ApiListingReferenceScanner [41] -| Scanning for api listing references
2021-04-25 12:43:42.457 |-INFO  [main] com.example.car.CarApplication [61] -| Started CarApplication in 1.557 seconds (JVM running for 2.256)
2021-04-25 12:43:45.332 |-INFO  [http-nio-8085-exec-1] org.apache.catalina.core.ContainerBase.[Tomcat].[localhost].[/] [173] -| Initializing Spring DispatcherServlet 'dispatcherServlet'
2021-04-25 12:43:45.332 |-INFO  [http-nio-8085-exec-1] org.springframework.web.servlet.DispatcherServlet [525] -| Initializing Servlet 'dispatcherServlet'
2021-04-25 12:43:45.333 |-INFO  [http-nio-8085-exec-1] org.springframework.web.servlet.DispatcherServlet [547] -| Completed initialization in 1 ms
2021-04-25 12:43:48.134 |-INFO  [http-nio-8085-exec-1] com.alibaba.druid.pool.DruidDataSource [1010] -| {dataSource-1} inited
2021-04-25 12:50:55.983 |-INFO  [main] com.example.car.CarApplication [55] -| Starting CarApplication using Java 1.8.0_152 on LAPTOP-V1U1VFUQ with PID 18312 (E:\Java\project\target\classes started by yh in E:\Java\project)
2021-04-25 12:50:55.988 |-INFO  [main] com.example.car.CarApplication [675] -| No active profile set, falling back to default profiles: default
2021-04-25 12:50:56.969 |-INFO  [main] org.springframework.boot.web.embedded.tomcat.TomcatWebServer [108] -| Tomcat initialized with port(s): 8085 (http)
2021-04-25 12:50:56.974 |-INFO  [main] org.apache.coyote.http11.Http11NioProtocol [173] -| Initializing ProtocolHandler ["http-nio-8085"]
2021-04-25 12:50:56.974 |-INFO  [main] org.apache.catalina.core.StandardService [173] -| Starting service [Tomcat]
2021-04-25 12:50:56.975 |-INFO  [main] org.apache.catalina.core.StandardEngine [173] -| Starting Servlet engine: [Apache Tomcat/9.0.45]
2021-04-25 12:50:57.030 |-INFO  [main] org.apache.catalina.core.ContainerBase.[Tomcat].[localhost].[/] [173] -| Initializing Spring embedded WebApplicationContext
2021-04-25 12:50:57.030 |-INFO  [main] org.springframework.boot.web.servlet.context.ServletWebServerApplicationContext [289] -| Root WebApplicationContext: initialization completed in 982 ms
2021-04-25 12:50:57.331 |-INFO  [main] springfox.documentation.spring.web.PropertySourcedRequestMappingHandlerMapping [69] -| Mapped URL path [/v2/api-docs] onto method [springfox.documentation.swagger2.web.Swagger2Controller#getDocumentation(String, HttpServletRequest)]
2021-04-25 12:50:57.378 |-INFO  [main] org.springframework.scheduling.concurrent.ThreadPoolTaskExecutor [181] -| Initializing ExecutorService 'applicationTaskExecutor'
2021-04-25 12:50:57.495 |-INFO  [main] org.apache.coyote.http11.Http11NioProtocol [173] -| Starting ProtocolHandler ["http-nio-8085"]
2021-04-25 12:50:57.506 |-INFO  [main] org.springframework.boot.web.embedded.tomcat.TomcatWebServer [220] -| Tomcat started on port(s): 8085 (http) with context path ''
2021-04-25 12:50:57.507 |-INFO  [main] springfox.documentation.spring.web.plugins.DocumentationPluginsBootstrapper [160] -| Context refreshed
2021-04-25 12:50:57.518 |-INFO  [main] springfox.documentation.spring.web.plugins.DocumentationPluginsBootstrapper [163] -| Found 1 custom documentation plugin(s)
2021-04-25 12:50:57.534 |-INFO  [main] springfox.documentation.spring.web.scanners.ApiListingReferenceScanner [41] -| Scanning for api listing references
2021-04-25 12:50:57.614 |-INFO  [main] com.example.car.CarApplication [61] -| Started CarApplication in 1.938 seconds (JVM running for 2.647)
2021-04-25 12:51:14.648 |-INFO  [main] com.example.car.CarApplication [55] -| Starting CarApplication using Java 1.8.0_152 on LAPTOP-V1U1VFUQ with PID 23136 (E:\Java\project\target\classes started by yh in E:\Java\project)
2021-04-25 12:51:14.653 |-INFO  [main] com.example.car.CarApplication [675] -| No active profile set, falling back to default profiles: default
2021-04-25 12:51:15.654 |-INFO  [main] org.springframework.boot.web.embedded.tomcat.TomcatWebServer [108] -| Tomcat initialized with port(s): 8085 (http)
2021-04-25 12:51:15.658 |-INFO  [main] org.apache.coyote.http11.Http11NioProtocol [173] -| Initializing ProtocolHandler ["http-nio-8085"]
2021-04-25 12:51:15.659 |-INFO  [main] org.apache.catalina.core.StandardService [173] -| Starting service [Tomcat]
2021-04-25 12:51:15.659 |-INFO  [main] org.apache.catalina.core.StandardEngine [173] -| Starting Servlet engine: [Apache Tomcat/9.0.45]
2021-04-25 12:51:15.719 |-INFO  [main] org.apache.catalina.core.ContainerBase.[Tomcat].[localhost].[/] [173] -| Initializing Spring embedded WebApplicationContext
2021-04-25 12:51:15.719 |-INFO  [main] org.springframework.boot.web.servlet.context.ServletWebServerApplicationContext [289] -| Root WebApplicationContext: initialization completed in 1018 ms
2021-04-25 12:51:16.045 |-INFO  [main] springfox.documentation.spring.web.PropertySourcedRequestMappingHandlerMapping [69] -| Mapped URL path [/v2/api-docs] onto method [springfox.documentation.swagger2.web.Swagger2Controller#getDocumentation(String, HttpServletRequest)]
2021-04-25 12:51:16.094 |-INFO  [main] org.springframework.scheduling.concurrent.ThreadPoolTaskExecutor [181] -| Initializing ExecutorService 'applicationTaskExecutor'
2021-04-25 12:51:16.212 |-INFO  [main] org.apache.coyote.http11.Http11NioProtocol [173] -| Starting ProtocolHandler ["http-nio-8085"]
2021-04-25 12:51:16.225 |-INFO  [main] org.springframework.boot.web.embedded.tomcat.TomcatWebServer [220] -| Tomcat started on port(s): 8085 (http) with context path ''
2021-04-25 12:51:16.226 |-INFO  [main] springfox.documentation.spring.web.plugins.DocumentationPluginsBootstrapper [160] -| Context refreshed
2021-04-25 12:51:16.237 |-INFO  [main] springfox.documentation.spring.web.plugins.DocumentationPluginsBootstrapper [163] -| Found 1 custom documentation plugin(s)
2021-04-25 12:51:16.257 |-INFO  [main] springfox.documentation.spring.web.scanners.ApiListingReferenceScanner [41] -| Scanning for api listing references
2021-04-25 12:51:16.345 |-INFO  [main] com.example.car.CarApplication [61] -| Started CarApplication in 2.125 seconds (JVM running for 3.201)
2021-04-25 12:51:29.634 |-INFO  [http-nio-8085-exec-4] org.apache.catalina.core.ContainerBase.[Tomcat].[localhost].[/] [173] -| Initializing Spring DispatcherServlet 'dispatcherServlet'
2021-04-25 12:51:29.635 |-INFO  [http-nio-8085-exec-4] org.springframework.web.servlet.DispatcherServlet [525] -| Initializing Servlet 'dispatcherServlet'
2021-04-25 12:51:29.636 |-INFO  [http-nio-8085-exec-4] org.springframework.web.servlet.DispatcherServlet [547] -| Completed initialization in 1 ms
2021-04-25 12:51:32.172 |-INFO  [http-nio-8085-exec-4] com.alibaba.druid.pool.DruidDataSource [1010] -| {dataSource-1} inited
2021-04-25 12:52:18.603 |-INFO  [main] com.example.car.CarApplication [55] -| Starting CarApplication using Java 1.8.0_152 on LAPTOP-V1U1VFUQ with PID 5392 (E:\Java\project\target\classes started by yh in E:\Java\project)
2021-04-25 12:52:18.605 |-INFO  [main] com.example.car.CarApplication [675] -| No active profile set, falling back to default profiles: default
2021-04-25 12:52:19.527 |-INFO  [main] org.springframework.boot.web.embedded.tomcat.TomcatWebServer [108] -| Tomcat initialized with port(s): 8085 (http)
2021-04-25 12:52:19.550 |-INFO  [main] org.apache.coyote.http11.Http11NioProtocol [173] -| Initializing ProtocolHandler ["http-nio-8085"]
2021-04-25 12:52:19.552 |-INFO  [main] org.apache.catalina.core.StandardService [173] -| Starting service [Tomcat]
2021-04-25 12:52:19.552 |-INFO  [main] org.apache.catalina.core.StandardEngine [173] -| Starting Servlet engine: [Apache Tomcat/9.0.45]
2021-04-25 12:52:19.653 |-INFO  [main] org.apache.catalina.core.ContainerBase.[Tomcat].[localhost].[/] [173] -| Initializing Spring embedded WebApplicationContext
2021-04-25 12:52:19.653 |-INFO  [main] org.springframework.boot.web.servlet.context.ServletWebServerApplicationContext [289] -| Root WebApplicationContext: initialization completed in 1022 ms
2021-04-25 12:52:19.956 |-INFO  [main] springfox.documentation.spring.web.PropertySourcedRequestMappingHandlerMapping [69] -| Mapped URL path [/v2/api-docs] onto method [springfox.documentation.swagger2.web.Swagger2Controller#getDocumentation(String, HttpServletRequest)]
2021-04-25 12:52:20.003 |-INFO  [main] org.springframework.scheduling.concurrent.ThreadPoolTaskExecutor [181] -| Initializing ExecutorService 'applicationTaskExecutor'
2021-04-25 12:52:20.114 |-INFO  [main] org.apache.coyote.http11.Http11NioProtocol [173] -| Starting ProtocolHandler ["http-nio-8085"]
2021-04-25 12:52:20.126 |-INFO  [main] org.springframework.boot.web.embedded.tomcat.TomcatWebServer [220] -| Tomcat started on port(s): 8085 (http) with context path ''
2021-04-25 12:52:20.127 |-INFO  [main] springfox.documentation.spring.web.plugins.DocumentationPluginsBootstrapper [160] -| Context refreshed
2021-04-25 12:52:20.136 |-INFO  [main] springfox.documentation.spring.web.plugins.DocumentationPluginsBootstrapper [163] -| Found 1 custom documentation plugin(s)
2021-04-25 12:52:20.154 |-INFO  [main] springfox.documentation.spring.web.scanners.ApiListingReferenceScanner [41] -| Scanning for api listing references
2021-04-25 12:52:20.233 |-INFO  [main] com.example.car.CarApplication [61] -| Started CarApplication in 1.867 seconds (JVM running for 2.591)
2021-04-25 12:52:25.918 |-INFO  [http-nio-8085-exec-1] org.apache.catalina.core.ContainerBase.[Tomcat].[localhost].[/] [173] -| Initializing Spring DispatcherServlet 'dispatcherServlet'
2021-04-25 12:52:25.918 |-INFO  [http-nio-8085-exec-1] org.springframework.web.servlet.DispatcherServlet [525] -| Initializing Servlet 'dispatcherServlet'
2021-04-25 12:52:25.919 |-INFO  [http-nio-8085-exec-1] org.springframework.web.servlet.DispatcherServlet [547] -| Completed initialization in 1 ms
2021-04-25 12:52:28.283 |-INFO  [http-nio-8085-exec-1] com.alibaba.druid.pool.DruidDataSource [1010] -| {dataSource-1} inited
2021-04-25 12:52:44.626 |-INFO  [main] com.example.car.CarApplication [55] -| Starting CarApplication using Java 1.8.0_152 on LAPTOP-V1U1VFUQ with PID 15676 (E:\Java\project\target\classes started by yh in E:\Java\project)
2021-04-25 12:52:44.629 |-INFO  [main] com.example.car.CarApplication [675] -| No active profile set, falling back to default profiles: default
2021-04-25 12:52:45.317 |-INFO  [main] org.springframework.boot.web.embedded.tomcat.TomcatWebServer [108] -| Tomcat initialized with port(s): 8085 (http)
2021-04-25 12:52:45.322 |-INFO  [main] org.apache.coyote.http11.Http11NioProtocol [173] -| Initializing ProtocolHandler ["http-nio-8085"]
2021-04-25 12:52:45.322 |-INFO  [main] org.apache.catalina.core.StandardService [173] -| Starting service [Tomcat]
2021-04-25 12:52:45.323 |-INFO  [main] org.apache.catalina.core.StandardEngine [173] -| Starting Servlet engine: [Apache Tomcat/9.0.45]
2021-04-25 12:52:45.377 |-INFO  [main] org.apache.catalina.core.ContainerBase.[Tomcat].[localhost].[/] [173] -| Initializing Spring embedded WebApplicationContext
2021-04-25 12:52:45.377 |-INFO  [main] org.springframework.boot.web.servlet.context.ServletWebServerApplicationContext [289] -| Root WebApplicationContext: initialization completed in 720 ms
2021-04-25 12:52:45.675 |-INFO  [main] springfox.documentation.spring.web.PropertySourcedRequestMappingHandlerMapping [69] -| Mapped URL path [/v2/api-docs] onto method [springfox.documentation.swagger2.web.Swagger2Controller#getDocumentation(String, HttpServletRequest)]
2021-04-25 12:52:45.722 |-INFO  [main] org.springframework.scheduling.concurrent.ThreadPoolTaskExecutor [181] -| Initializing ExecutorService 'applicationTaskExecutor'
2021-04-25 12:52:45.832 |-INFO  [main] org.apache.coyote.http11.Http11NioProtocol [173] -| Starting ProtocolHandler ["http-nio-8085"]
2021-04-25 12:52:45.844 |-INFO  [main] org.springframework.boot.web.embedded.tomcat.TomcatWebServer [220] -| Tomcat started on port(s): 8085 (http) with context path ''
2021-04-25 12:52:45.845 |-INFO  [main] springfox.documentation.spring.web.plugins.DocumentationPluginsBootstrapper [160] -| Context refreshed
2021-04-25 12:52:45.855 |-INFO  [main] springfox.documentation.spring.web.plugins.DocumentationPluginsBootstrapper [163] -| Found 1 custom documentation plugin(s)
2021-04-25 12:52:45.873 |-INFO  [main] springfox.documentation.spring.web.scanners.ApiListingReferenceScanner [41] -| Scanning for api listing references
2021-04-25 12:52:45.954 |-INFO  [main] com.example.car.CarApplication [61] -| Started CarApplication in 1.704 seconds (JVM running for 2.558)
2021-04-25 12:52:50.761 |-INFO  [http-nio-8085-exec-1] org.apache.catalina.core.ContainerBase.[Tomcat].[localhost].[/] [173] -| Initializing Spring DispatcherServlet 'dispatcherServlet'
2021-04-25 12:52:50.761 |-INFO  [http-nio-8085-exec-1] org.springframework.web.servlet.DispatcherServlet [525] -| Initializing Servlet 'dispatcherServlet'
2021-04-25 12:52:50.762 |-INFO  [http-nio-8085-exec-1] org.springframework.web.servlet.DispatcherServlet [547] -| Completed initialization in 1 ms
2021-04-25 12:52:52.399 |-INFO  [http-nio-8085-exec-1] com.alibaba.druid.pool.DruidDataSource [1010] -| {dataSource-1} inited
2021-04-25 12:53:09.503 |-INFO  [main] com.example.car.CarApplication [55] -| Starting CarApplication using Java 1.8.0_152 on LAPTOP-V1U1VFUQ with PID 15124 (E:\Java\project\target\classes started by yh in E:\Java\project)
2021-04-25 12:53:09.505 |-INFO  [main] com.example.car.CarApplication [675] -| No active profile set, falling back to default profiles: default
2021-04-25 12:53:10.196 |-INFO  [main] org.springframework.boot.web.embedded.tomcat.TomcatWebServer [108] -| Tomcat initialized with port(s): 8085 (http)
2021-04-25 12:53:10.201 |-INFO  [main] org.apache.coyote.http11.Http11NioProtocol [173] -| Initializing ProtocolHandler ["http-nio-8085"]
2021-04-25 12:53:10.202 |-INFO  [main] org.apache.catalina.core.StandardService [173] -| Starting service [Tomcat]
2021-04-25 12:53:10.202 |-INFO  [main] org.apache.catalina.core.StandardEngine [173] -| Starting Servlet engine: [Apache Tomcat/9.0.45]
2021-04-25 12:53:10.256 |-INFO  [main] org.apache.catalina.core.ContainerBase.[Tomcat].[localhost].[/] [173] -| Initializing Spring embedded WebApplicationContext
2021-04-25 12:53:10.257 |-INFO  [main] org.springframework.boot.web.servlet.context.ServletWebServerApplicationContext [289] -| Root WebApplicationContext: initialization completed in 726 ms
2021-04-25 12:53:10.569 |-INFO  [main] springfox.documentation.spring.web.PropertySourcedRequestMappingHandlerMapping [69] -| Mapped URL path [/v2/api-docs] onto method [springfox.documentation.swagger2.web.Swagger2Controller#getDocumentation(String, HttpServletRequest)]
2021-04-25 12:53:10.616 |-INFO  [main] org.springframework.scheduling.concurrent.ThreadPoolTaskExecutor [181] -| Initializing ExecutorService 'applicationTaskExecutor'
2021-04-25 12:53:10.729 |-INFO  [main] org.apache.coyote.http11.Http11NioProtocol [173] -| Starting ProtocolHandler ["http-nio-8085"]
2021-04-25 12:53:10.740 |-INFO  [main] org.springframework.boot.web.embedded.tomcat.TomcatWebServer [220] -| Tomcat started on port(s): 8085 (http) with context path ''
2021-04-25 12:53:10.741 |-INFO  [main] springfox.documentation.spring.web.plugins.DocumentationPluginsBootstrapper [160] -| Context refreshed
2021-04-25 12:53:10.751 |-INFO  [main] springfox.documentation.spring.web.plugins.DocumentationPluginsBootstrapper [163] -| Found 1 custom documentation plugin(s)
2021-04-25 12:53:10.768 |-INFO  [main] springfox.documentation.spring.web.scanners.ApiListingReferenceScanner [41] -| Scanning for api listing references
2021-04-25 12:53:10.849 |-INFO  [main] com.example.car.CarApplication [61] -| Started CarApplication in 1.583 seconds (JVM running for 2.314)
2021-04-25 12:53:32.044 |-INFO  [http-nio-8085-exec-1] org.apache.catalina.core.ContainerBase.[Tomcat].[localhost].[/] [173] -| Initializing Spring DispatcherServlet 'dispatcherServlet'
2021-04-25 12:53:32.044 |-INFO  [http-nio-8085-exec-1] org.springframework.web.servlet.DispatcherServlet [525] -| Initializing Servlet 'dispatcherServlet'
2021-04-25 12:53:32.045 |-INFO  [http-nio-8085-exec-1] org.springframework.web.servlet.DispatcherServlet [547] -| Completed initialization in 1 ms
2021-04-25 12:53:33.595 |-INFO  [http-nio-8085-exec-1] com.alibaba.druid.pool.DruidDataSource [1010] -| {dataSource-1} inited
2021-04-25 12:54:50.738 |-INFO  [main] com.example.car.CarApplication [55] -| Starting CarApplication using Java 1.8.0_152 on LAPTOP-V1U1VFUQ with PID 16492 (E:\Java\project\target\classes started by yh in E:\Java\project)
2021-04-25 12:54:50.740 |-INFO  [main] com.example.car.CarApplication [675] -| No active profile set, falling back to default profiles: default
2021-04-25 12:54:51.672 |-INFO  [main] org.springframework.boot.web.embedded.tomcat.TomcatWebServer [108] -| Tomcat initialized with port(s): 8085 (http)
2021-04-25 12:54:51.678 |-INFO  [main] org.apache.coyote.http11.Http11NioProtocol [173] -| Initializing ProtocolHandler ["http-nio-8085"]
2021-04-25 12:54:51.678 |-INFO  [main] org.apache.catalina.core.StandardService [173] -| Starting service [Tomcat]
2021-04-25 12:54:51.679 |-INFO  [main] org.apache.catalina.core.StandardEngine [173] -| Starting Servlet engine: [Apache Tomcat/9.0.45]
2021-04-25 12:54:51.744 |-INFO  [main] org.apache.catalina.core.ContainerBase.[Tomcat].[localhost].[/] [173] -| Initializing Spring embedded WebApplicationContext
2021-04-25 12:54:51.744 |-INFO  [main] org.springframework.boot.web.servlet.context.ServletWebServerApplicationContext [289] -| Root WebApplicationContext: initialization completed in 973 ms
2021-04-25 12:54:52.181 |-INFO  [main] springfox.documentation.spring.web.PropertySourcedRequestMappingHandlerMapping [69] -| Mapped URL path [/v2/api-docs] onto method [springfox.documentation.swagger2.web.Swagger2Controller#getDocumentation(String, HttpServletRequest)]
2021-04-25 12:54:52.247 |-INFO  [main] org.springframework.scheduling.concurrent.ThreadPoolTaskExecutor [181] -| Initializing ExecutorService 'applicationTaskExecutor'
2021-04-25 12:54:52.416 |-INFO  [main] org.apache.coyote.http11.Http11NioProtocol [173] -| Starting ProtocolHandler ["http-nio-8085"]
2021-04-25 12:54:52.437 |-INFO  [main] org.springframework.boot.web.embedded.tomcat.TomcatWebServer [220] -| Tomcat started on port(s): 8085 (http) with context path ''
2021-04-25 12:54:52.438 |-INFO  [main] springfox.documentation.spring.web.plugins.DocumentationPluginsBootstrapper [160] -| Context refreshed
2021-04-25 12:54:52.450 |-INFO  [main] springfox.documentation.spring.web.plugins.DocumentationPluginsBootstrapper [163] -| Found 1 custom documentation plugin(s)
2021-04-25 12:54:52.474 |-INFO  [main] springfox.documentation.spring.web.scanners.ApiListingReferenceScanner [41] -| Scanning for api listing references
2021-04-25 12:54:52.571 |-INFO  [main] com.example.car.CarApplication [61] -| Started CarApplication in 2.089 seconds (JVM running for 2.797)
2021-04-25 12:54:56.257 |-INFO  [http-nio-8085-exec-1] org.apache.catalina.core.ContainerBase.[Tomcat].[localhost].[/] [173] -| Initializing Spring DispatcherServlet 'dispatcherServlet'
2021-04-25 12:54:56.257 |-INFO  [http-nio-8085-exec-1] org.springframework.web.servlet.DispatcherServlet [525] -| Initializing Servlet 'dispatcherServlet'
2021-04-25 12:54:56.258 |-INFO  [http-nio-8085-exec-1] org.springframework.web.servlet.DispatcherServlet [547] -| Completed initialization in 1 ms
2021-04-25 12:54:58.098 |-INFO  [http-nio-8085-exec-1] com.alibaba.druid.pool.DruidDataSource [1010] -| {dataSource-1} inited
2021-04-25 13:02:27.864 |-INFO  [main] com.example.car.CarApplication [55] -| Starting CarApplication using Java 1.8.0_152 on LAPTOP-V1U1VFUQ with PID 23252 (E:\Java\project\target\classes started by yh in E:\Java\project)
2021-04-25 13:02:27.870 |-INFO  [main] com.example.car.CarApplication [675] -| No active profile set, falling back to default profiles: default
2021-04-25 13:02:28.753 |-INFO  [main] org.springframework.boot.web.embedded.tomcat.TomcatWebServer [108] -| Tomcat initialized with port(s): 8085 (http)
2021-04-25 13:02:28.759 |-INFO  [main] org.apache.coyote.http11.Http11NioProtocol [173] -| Initializing ProtocolHandler ["http-nio-8085"]
2021-04-25 13:02:28.760 |-INFO  [main] org.apache.catalina.core.StandardService [173] -| Starting service [Tomcat]
2021-04-25 13:02:28.760 |-INFO  [main] org.apache.catalina.core.StandardEngine [173] -| Starting Servlet engine: [Apache Tomcat/9.0.45]
2021-04-25 13:02:28.822 |-INFO  [main] org.apache.catalina.core.ContainerBase.[Tomcat].[localhost].[/] [173] -| Initializing Spring embedded WebApplicationContext
2021-04-25 13:02:28.822 |-INFO  [main] org.springframework.boot.web.servlet.context.ServletWebServerApplicationContext [289] -| Root WebApplicationContext: initialization completed in 842 ms
2021-04-25 13:02:29.191 |-INFO  [main] springfox.documentation.spring.web.PropertySourcedRequestMappingHandlerMapping [69] -| Mapped URL path [/v2/api-docs] onto method [springfox.documentation.swagger2.web.Swagger2Controller#getDocumentation(String, HttpServletRequest)]
2021-04-25 13:02:29.238 |-INFO  [main] org.springframework.scheduling.concurrent.ThreadPoolTaskExecutor [181] -| Initializing ExecutorService 'applicationTaskExecutor'
2021-04-25 13:02:29.349 |-INFO  [main] org.apache.coyote.http11.Http11NioProtocol [173] -| Starting ProtocolHandler ["http-nio-8085"]
2021-04-25 13:02:29.361 |-INFO  [main] org.springframework.boot.web.embedded.tomcat.TomcatWebServer [220] -| Tomcat started on port(s): 8085 (http) with context path ''
2021-04-25 13:02:29.362 |-INFO  [main] springfox.documentation.spring.web.plugins.DocumentationPluginsBootstrapper [160] -| Context refreshed
2021-04-25 13:02:29.371 |-INFO  [main] springfox.documentation.spring.web.plugins.DocumentationPluginsBootstrapper [163] -| Found 1 custom documentation plugin(s)
2021-04-25 13:02:29.389 |-INFO  [main] springfox.documentation.spring.web.scanners.ApiListingReferenceScanner [41] -| Scanning for api listing references
2021-04-25 13:02:29.471 |-INFO  [main] com.example.car.CarApplication [61] -| Started CarApplication in 1.862 seconds (JVM running for 2.722)
2021-04-25 13:02:33.138 |-INFO  [http-nio-8085-exec-4] org.apache.catalina.core.ContainerBase.[Tomcat].[localhost].[/] [173] -| Initializing Spring DispatcherServlet 'dispatcherServlet'
2021-04-25 13:02:33.139 |-INFO  [http-nio-8085-exec-4] org.springframework.web.servlet.DispatcherServlet [525] -| Initializing Servlet 'dispatcherServlet'
2021-04-25 13:02:33.139 |-INFO  [http-nio-8085-exec-4] org.springframework.web.servlet.DispatcherServlet [547] -| Completed initialization in 0 ms
2021-04-25 13:02:34.843 |-INFO  [http-nio-8085-exec-4] com.alibaba.druid.pool.DruidDataSource [1010] -| {dataSource-1} inited
